This is pdfTeX, Version 3.141592653-2.6-1.40.26 (TeX Live 2024) (preloaded format=pdflatex 2024.3.26)  29 MAR 2024 18:26
entering extended mode
 restricted \write18 enabled.
 %&-line parsing enabled.
**rapport.tex
(./rapport.tex
LaTeX2e <2023-11-01> patch level 1
L3 programming layer <2024-03-14>
(c:/Users/cbau/AppData/Roaming/TinyTeX/texmf-dist/tex/latex/base/article.cls
Document Class: article 2023/05/17 v1.4n Standard LaTeX document class
(c:/Users/cbau/AppData/Roaming/TinyTeX/texmf-dist/tex/latex/base/size10.clo
File: size10.clo 2023/05/17 v1.4n Standard LaTeX file (size option)
)
\c@part=\count188
\c@section=\count189
\c@subsection=\count190
\c@subsubsection=\count191
\c@paragraph=\count192
\c@subparagraph=\count193
\c@figure=\count194
\c@table=\count195
\abovecaptionskip=\skip48
\belowcaptionskip=\skip49
\bibindent=\dimen140
) (c:/Users/cbau/AppData/Roaming/TinyTeX/texmf-dist/tex/latex/amsmath/amsmath.sty
Package: amsmath 2023/05/13 v2.17o AMS math features
\@mathmargin=\skip50
For additional information on amsmath, use the `?' option.
(c:/Users/cbau/AppData/Roaming/TinyTeX/texmf-dist/tex/latex/amsmath/amstext.sty
Package: amstext 2021/08/26 v2.01 AMS text
(c:/Users/cbau/AppData/Roaming/TinyTeX/texmf-dist/tex/latex/amsmath/amsgen.sty
File: amsgen.sty 1999/11/30 v2.0 generic functions
\@emptytoks=\toks17
\ex@=\dimen141
)) (c:/Users/cbau/AppData/Roaming/TinyTeX/texmf-dist/tex/latex/amsmath/amsbsy.sty
Package: amsbsy 1999/11/29 v1.2d Bold Symbols
\pmbraise@=\dimen142
) (c:/Users/cbau/AppData/Roaming/TinyTeX/texmf-dist/tex/latex/amsmath/amsopn.sty
Package: amsopn 2022/04/08 v2.04 operator names
)
\inf@bad=\count196
LaTeX Info: Redefining \frac on input line 234.
\uproot@=\count197
\leftroot@=\count198
LaTeX Info: Redefining \overline on input line 399.
LaTeX Info: Redefining \colon on input line 410.
\classnum@=\count199
\DOTSCASE@=\count266
LaTeX Info: Redefining \ldots on input line 496.
LaTeX Info: Redefining \dots on input line 499.
LaTeX Info: Redefining \cdots on input line 620.
\Mathstrutbox@=\box51
\strutbox@=\box52
LaTeX Info: Redefining \big on input line 722.
LaTeX Info: Redefining \Big on input line 723.
LaTeX Info: Redefining \bigg on input line 724.
LaTeX Info: Redefining \Bigg on input line 725.
\big@size=\dimen143
LaTeX Font Info:    Redeclaring font encoding OML on input line 743.
LaTeX Font Info:    Redeclaring font encoding OMS on input line 744.
\macc@depth=\count267
LaTeX Info: Redefining \bmod on input line 905.
LaTeX Info: Redefining \pmod on input line 910.
LaTeX Info: Redefining \smash on input line 940.
LaTeX Info: Redefining \relbar on input line 970.
LaTeX Info: Redefining \Relbar on input line 971.
\c@MaxMatrixCols=\count268
\dotsspace@=\muskip16
\c@parentequation=\count269
\dspbrk@lvl=\count270
\tag@help=\toks18
\row@=\count271
\column@=\count272
\maxfields@=\count273
\andhelp@=\toks19
\eqnshift@=\dimen144
\alignsep@=\dimen145
\tagshift@=\dimen146
\tagwidth@=\dimen147
\totwidth@=\dimen148
\lineht@=\dimen149
\@envbody=\toks20
\multlinegap=\skip51
\multlinetaggap=\skip52
\mathdisplay@stack=\toks21
LaTeX Info: Redefining \[ on input line 2953.
LaTeX Info: Redefining \] on input line 2954.
) (c:/Users/cbau/AppData/Roaming/TinyTeX/texmf-dist/tex/latex/amsfonts/amssymb.sty
Package: amssymb 2013/01/14 v3.01 AMS font symbols
(c:/Users/cbau/AppData/Roaming/TinyTeX/texmf-dist/tex/latex/amsfonts/amsfonts.sty
Package: amsfonts 2013/01/14 v3.01 Basic AMSFonts support
\symAMSa=\mathgroup4
\symAMSb=\mathgroup5
LaTeX Font Info:    Redeclaring math symbol \hbar on input line 98.
LaTeX Font Info:    Overwriting math alphabet `\mathfrak' in version `bold'
(Font)                  U/euf/m/n --> U/euf/b/n on input line 106.
)) (c:/Users/cbau/AppData/Roaming/TinyTeX/texmf-dist/tex/generic/iftex/iftex.sty
Package: iftex 2022/02/03 v1.0f TeX engine tests
) (c:/Users/cbau/AppData/Roaming/TinyTeX/texmf-dist/tex/latex/base/fontenc.sty
Package: fontenc 2021/04/29 v2.0v Standard LaTeX package
) (c:/Users/cbau/AppData/Roaming/TinyTeX/texmf-dist/tex/latex/base/inputenc.sty
Package: inputenc 2021/02/14 v1.3d Input encoding file
\inpenc@prehook=\toks22
\inpenc@posthook=\toks23
) (c:/Users/cbau/AppData/Roaming/TinyTeX/texmf-dist/tex/latex/base/textcomp.sty
Package: textcomp 2020/02/02 v2.0n Standard LaTeX package
) (c:/Users/cbau/AppData/Roaming/TinyTeX/texmf-dist/tex/latex/lm/lmodern.sty
Package: lmodern 2015/05/01 v1.6.1 Latin Modern Fonts
LaTeX Font Info:    Overwriting symbol font `operators' in version `normal'
(Font)                  OT1/cmr/m/n --> OT1/lmr/m/n on input line 22.
LaTeX Font Info:    Overwriting symbol font `letters' in version `normal'
(Font)                  OML/cmm/m/it --> OML/lmm/m/it on input line 23.
LaTeX Font Info:    Overwriting symbol font `symbols' in version `normal'
(Font)                  OMS/cmsy/m/n --> OMS/lmsy/m/n on input line 24.
LaTeX Font Info:    Overwriting symbol font `largesymbols' in version `normal'
(Font)                  OMX/cmex/m/n --> OMX/lmex/m/n on input line 25.
LaTeX Font Info:    Overwriting symbol font `operators' in version `bold'
(Font)                  OT1/cmr/bx/n --> OT1/lmr/bx/n on input line 26.
LaTeX Font Info:    Overwriting symbol font `letters' in version `bold'
(Font)                  OML/cmm/b/it --> OML/lmm/b/it on input line 27.
LaTeX Font Info:    Overwriting symbol font `symbols' in version `bold'
(Font)                  OMS/cmsy/b/n --> OMS/lmsy/b/n on input line 28.
LaTeX Font Info:    Overwriting symbol font `largesymbols' in version `bold'
(Font)                  OMX/cmex/m/n --> OMX/lmex/m/n on input line 29.
LaTeX Font Info:    Overwriting math alphabet `\mathbf' in version `normal'
(Font)                  OT1/cmr/bx/n --> OT1/lmr/bx/n on input line 31.
LaTeX Font Info:    Overwriting math alphabet `\mathsf' in version `normal'
(Font)                  OT1/cmss/m/n --> OT1/lmss/m/n on input line 32.
LaTeX Font Info:    Overwriting math alphabet `\mathit' in version `normal'
(Font)                  OT1/cmr/m/it --> OT1/lmr/m/it on input line 33.
LaTeX Font Info:    Overwriting math alphabet `\mathtt' in version `normal'
(Font)                  OT1/cmtt/m/n --> OT1/lmtt/m/n on input line 34.
LaTeX Font Info:    Overwriting math alphabet `\mathbf' in version `bold'
(Font)                  OT1/cmr/bx/n --> OT1/lmr/bx/n on input line 35.
LaTeX Font Info:    Overwriting math alphabet `\mathsf' in version `bold'
(Font)                  OT1/cmss/bx/n --> OT1/lmss/bx/n on input line 36.
LaTeX Font Info:    Overwriting math alphabet `\mathit' in version `bold'
(Font)                  OT1/cmr/bx/it --> OT1/lmr/bx/it on input line 37.
LaTeX Font Info:    Overwriting math alphabet `\mathtt' in version `bold'
(Font)                  OT1/cmtt/m/n --> OT1/lmtt/m/n on input line 38.
) (c:/Users/cbau/AppData/Roaming/TinyTeX/texmf-dist/tex/latex/xcolor/xcolor.sty
Package: xcolor 2023/11/15 v3.01 LaTeX color extensions (UK)
(c:/Users/cbau/AppData/Roaming/TinyTeX/texmf-dist/tex/latex/graphics-cfg/color.cfg
File: color.cfg 2016/01/02 v1.6 sample color configuration
)
Package xcolor Info: Driver file: pdftex.def on input line 274.
(c:/Users/cbau/AppData/Roaming/TinyTeX/texmf-dist/tex/latex/graphics-def/pdftex.def
File: pdftex.def 2022/09/22 v1.2b Graphics/color driver for pdftex
) (c:/Users/cbau/AppData/Roaming/TinyTeX/texmf-dist/tex/latex/graphics/mathcolor.ltx)
Package xcolor Info: Model `cmy' substituted by `cmy0' on input line 1350.
Package xcolor Info: Model `hsb' substituted by `rgb' on input line 1354.
Package xcolor Info: Model `RGB' extended on input line 1366.
Package xcolor Info: Model `HTML' substituted by `rgb' on input line 1368.
Package xcolor Info: Model `Hsb' substituted by `hsb' on input line 1369.
Package xcolor Info: Model `tHsb' substituted by `hsb' on input line 1370.
Package xcolor Info: Model `HSB' substituted by `hsb' on input line 1371.
Package xcolor Info: Model `Gray' substituted by `gray' on input line 1372.
Package xcolor Info: Model `wave' substituted by `hsb' on input line 1373.
) (c:/Users/cbau/AppData/Roaming/TinyTeX/texmf-dist/tex/latex/geometry/geometry.sty
Package: geometry 2020/01/02 v5.9 Page Geometry
(c:/Users/cbau/AppData/Roaming/TinyTeX/texmf-dist/tex/latex/graphics/keyval.sty
Package: keyval 2022/05/29 v1.15 key=value parser (DPC)
\KV@toks@=\toks24
) (c:/Users/cbau/AppData/Roaming/TinyTeX/texmf-dist/tex/generic/iftex/ifvtex.sty
Package: ifvtex 2019/10/25 v1.7 ifvtex legacy package. Use iftex instead.
)
\Gm@cnth=\count274
\Gm@cntv=\count275
\c@Gm@tempcnt=\count276
\Gm@bindingoffset=\dimen150
\Gm@wd@mp=\dimen151
\Gm@odd@mp=\dimen152
\Gm@even@mp=\dimen153
\Gm@layoutwidth=\dimen154
\Gm@layoutheight=\dimen155
\Gm@layouthoffset=\dimen156
\Gm@layoutvoffset=\dimen157
\Gm@dimlist=\toks25
) (c:/Users/cbau/AppData/Roaming/TinyTeX/texmf-dist/tex/latex/graphics/graphicx.sty
Package: graphicx 2021/09/16 v1.2d Enhanced LaTeX Graphics (DPC,SPQR)
(c:/Users/cbau/AppData/Roaming/TinyTeX/texmf-dist/tex/latex/graphics/graphics.sty
Package: graphics 2022/03/10 v1.4e Standard LaTeX Graphics (DPC,SPQR)
(c:/Users/cbau/AppData/Roaming/TinyTeX/texmf-dist/tex/latex/graphics/trig.sty
Package: trig 2021/08/11 v1.11 sin cos tan (DPC)
) (c:/Users/cbau/AppData/Roaming/TinyTeX/texmf-dist/tex/latex/graphics-cfg/graphics.cfg
File: graphics.cfg 2016/06/04 v1.11 sample graphics configuration
)
Package graphics Info: Driver file: pdftex.def on input line 107.
)
\Gin@req@height=\dimen158
\Gin@req@width=\dimen159
)
\cslhangindent=\skip53
\csllabelwidth=\skip54
\cslentryspacingunit=\skip55
(c:/Users/cbau/AppData/Roaming/TinyTeX/texmf-dist/tex/latex/tools/calc.sty
Package: calc 2023/07/08 v4.3 Infix arithmetic (KKT,FJ)
\calc@Acount=\count277
\calc@Bcount=\count278
\calc@Adimen=\dimen160
\calc@Bdimen=\dimen161
\calc@Askip=\skip56
\calc@Bskip=\skip57
LaTeX Info: Redefining \setlength on input line 80.
LaTeX Info: Redefining \addtolength on input line 81.
\calc@Ccount=\count279
\calc@Cskip=\skip58
) (c:/Users/cbau/AppData/Roaming/TinyTeX/texmf-dist/tex/latex/bookmark/bookmark.sty
Package: bookmark 2023-12-10 v1.31 PDF bookmarks (HO)
(c:/Users/cbau/AppData/Roaming/TinyTeX/texmf-dist/tex/latex/hyperref/hyperref.sty
Package: hyperref 2024-01-20 v7.01h Hypertext links for LaTeX
(c:/Users/cbau/AppData/Roaming/TinyTeX/texmf-dist/tex/latex/kvsetkeys/kvsetkeys.sty
Package: kvsetkeys 2022-10-05 v1.19 Key value parser (HO)
) (c:/Users/cbau/AppData/Roaming/TinyTeX/texmf-dist/tex/generic/kvdefinekeys/kvdefinekeys.sty
Package: kvdefinekeys 2019-12-19 v1.6 Define keys (HO)
) (c:/Users/cbau/AppData/Roaming/TinyTeX/texmf-dist/tex/generic/pdfescape/pdfescape.sty
Package: pdfescape 2019/12/09 v1.15 Implements pdfTeX's escape features (HO)
(c:/Users/cbau/AppData/Roaming/TinyTeX/texmf-dist/tex/generic/ltxcmds/ltxcmds.sty
Package: ltxcmds 2023-12-04 v1.26 LaTeX kernel commands for general use (HO)
) (c:/Users/cbau/AppData/Roaming/TinyTeX/texmf-dist/tex/generic/pdftexcmds/pdftexcmds.sty
Package: pdftexcmds 2020-06-27 v0.33 Utility functions of pdfTeX for LuaTeX (HO)
(c:/Users/cbau/AppData/Roaming/TinyTeX/texmf-dist/tex/generic/infwarerr/infwarerr.sty
Package: infwarerr 2019/12/03 v1.5 Providing info/warning/error messages (HO)
)
Package pdftexcmds Info: \pdf@primitive is available.
Package pdftexcmds Info: \pdf@ifprimitive is available.
Package pdftexcmds Info: \pdfdraftmode found.
)) (c:/Users/cbau/AppData/Roaming/TinyTeX/texmf-dist/tex/latex/hycolor/hycolor.sty
Package: hycolor 2020-01-27 v1.10 Color options for hyperref/bookmark (HO)
) (c:/Users/cbau/AppData/Roaming/TinyTeX/texmf-dist/tex/latex/auxhook/auxhook.sty
Package: auxhook 2019-12-17 v1.6 Hooks for auxiliary files (HO)
) (c:/Users/cbau/AppData/Roaming/TinyTeX/texmf-dist/tex/latex/hyperref/nameref.sty
Package: nameref 2023-11-26 v2.56 Cross-referencing by name of section
(c:/Users/cbau/AppData/Roaming/TinyTeX/texmf-dist/tex/latex/refcount/refcount.sty
Package: refcount 2019/12/15 v3.6 Data extraction from label references (HO)
) (c:/Users/cbau/AppData/Roaming/TinyTeX/texmf-dist/tex/generic/gettitlestring/gettitlestring.sty
Package: gettitlestring 2019/12/15 v1.6 Cleanup title references (HO)
(c:/Users/cbau/AppData/Roaming/TinyTeX/texmf-dist/tex/latex/kvoptions/kvoptions.sty
Package: kvoptions 2022-06-15 v3.15 Key value format for package options (HO)
))
\c@section@level=\count280
) (c:/Users/cbau/AppData/Roaming/TinyTeX/texmf-dist/tex/latex/etoolbox/etoolbox.sty
Package: etoolbox 2020/10/05 v2.5k e-TeX tools for LaTeX (JAW)
\etb@tempcnta=\count281
)
\@linkdim=\dimen162
\Hy@linkcounter=\count282
\Hy@pagecounter=\count283
(c:/Users/cbau/AppData/Roaming/TinyTeX/texmf-dist/tex/latex/hyperref/pd1enc.def
File: pd1enc.def 2024-01-20 v7.01h Hyperref: PDFDocEncoding definition (HO)
Now handling font encoding PD1 ...
... no UTF-8 mapping file for font encoding PD1
) (c:/Users/cbau/AppData/Roaming/TinyTeX/texmf-dist/tex/generic/intcalc/intcalc.sty
Package: intcalc 2019/12/15 v1.3 Expandable calculations with integers (HO)
)
\Hy@SavedSpaceFactor=\count284
(c:/Users/cbau/AppData/Roaming/TinyTeX/texmf-dist/tex/latex/hyperref/puenc.def
File: puenc.def 2024-01-20 v7.01h Hyperref: PDF Unicode definition (HO)
Now handling font encoding PU ...
... no UTF-8 mapping file for font encoding PU
)
Package hyperref Info: Option `unicode' set `true' on input line 4062.
Package hyperref Info: Hyper figures OFF on input line 4179.
Package hyperref Info: Link nesting OFF on input line 4184.
Package hyperref Info: Hyper index ON on input line 4187.
Package hyperref Info: Plain pages OFF on input line 4194.
Package hyperref Info: Backreferencing OFF on input line 4199.
Package hyperref Info: Implicit mode ON; LaTeX internals redefined.
Package hyperref Info: Bookmarks ON on input line 4446.
\c@Hy@tempcnt=\count285
(c:/Users/cbau/AppData/Roaming/TinyTeX/texmf-dist/tex/latex/url/url.sty
\Urlmuskip=\muskip17
Package: url 2013/09/16  ver 3.4  Verb mode for urls, etc.
)
LaTeX Info: Redefining \url on input line 4784.
\XeTeXLinkMargin=\dimen163
(c:/Users/cbau/AppData/Roaming/TinyTeX/texmf-dist/tex/generic/bitset/bitset.sty
Package: bitset 2019/12/09 v1.3 Handle bit-vector datatype (HO)
(c:/Users/cbau/AppData/Roaming/TinyTeX/texmf-dist/tex/generic/bigintcalc/bigintcalc.sty
Package: bigintcalc 2019/12/15 v1.5 Expandable calculations on big integers (HO)
))
\Fld@menulength=\count286
\Field@Width=\dimen164
\Fld@charsize=\dimen165
Package hyperref Info: Hyper figures OFF on input line 6063.
Package hyperref Info: Link nesting OFF on input line 6068.
Package hyperref Info: Hyper index ON on input line 6071.
Package hyperref Info: backreferencing OFF on input line 6078.
Package hyperref Info: Link coloring OFF on input line 6083.
Package hyperref Info: Link coloring with OCG OFF on input line 6088.
Package hyperref Info: PDF/A mode OFF on input line 6093.
(c:/Users/cbau/AppData/Roaming/TinyTeX/texmf-dist/tex/latex/base/atbegshi-ltx.sty
Package: atbegshi-ltx 2021/01/10 v1.0c Emulation of the original atbegshi
package with kernel methods
)
\Hy@abspage=\count287
\c@Item=\count288
\c@Hfootnote=\count289
)
Package hyperref Info: Driver (autodetected): hpdftex.
(c:/Users/cbau/AppData/Roaming/TinyTeX/texmf-dist/tex/latex/hyperref/hpdftex.def
File: hpdftex.def 2024-01-20 v7.01h Hyperref driver for pdfTeX
(c:/Users/cbau/AppData/Roaming/TinyTeX/texmf-dist/tex/latex/base/atveryend-ltx.sty
Package: atveryend-ltx 2020/08/19 v1.0a Emulation of the original atveryend package
with kernel methods
)
\Fld@listcount=\count290
\c@bookmark@seq@number=\count291
(c:/Users/cbau/AppData/Roaming/TinyTeX/texmf-dist/tex/latex/rerunfilecheck/rerunfilecheck.sty
Package: rerunfilecheck 2022-07-10 v1.10 Rerun checks for auxiliary files (HO)
(c:/Users/cbau/AppData/Roaming/TinyTeX/texmf-dist/tex/generic/uniquecounter/uniquecounter.sty
Package: uniquecounter 2019/12/15 v1.4 Provide unlimited unique counter (HO)
)
Package uniquecounter Info: New unique counter `rerunfilecheck' on input line 285.
)
\Hy@SectionHShift=\skip59
) (c:/Users/cbau/AppData/Roaming/TinyTeX/texmf-dist/tex/latex/bookmark/bkm-pdftex.def
File: bkm-pdftex.def 2023-12-10 v1.31 bookmark driver for pdfTeX and luaTeX (HO)
\BKM@id=\count292
))
LaTeX Font Info:    Trying to load font information for T1+lmr on input line 98.
(c:/Users/cbau/AppData/Roaming/TinyTeX/texmf-dist/tex/latex/lm/t1lmr.fd
File: t1lmr.fd 2015/05/01 v1.6.1 Font defs for Latin Modern
) (c:/Users/cbau/AppData/Roaming/TinyTeX/texmf-dist/tex/latex/l3backend/l3backend-pdftex.def
File: l3backend-pdftex.def 2024-03-14 L3 backend support: PDF output (pdfTeX)
\l__color_backend_stack_int=\count293
\l__pdf_internal_box=\box53
) (./rapport.aux)
\openout1 = `rapport.aux'.

LaTeX Font Info:    Checking defaults for OML/cmm/m/it on input line 98.
LaTeX Font Info:    ... okay on input line 98.
LaTeX Font Info:    Checking defaults for OMS/cmsy/m/n on input line 98.
LaTeX Font Info:    ... okay on input line 98.
LaTeX Font Info:    Checking defaults for OT1/cmr/m/n on input line 98.
LaTeX Font Info:    ... okay on input line 98.
LaTeX Font Info:    Checking defaults for T1/cmr/m/n on input line 98.
LaTeX Font Info:    ... okay on input line 98.
LaTeX Font Info:    Checking defaults for TS1/cmr/m/n on input line 98.
LaTeX Font Info:    ... okay on input line 98.
LaTeX Font Info:    Checking defaults for OMX/cmex/m/n on input line 98.
LaTeX Font Info:    ... okay on input line 98.
LaTeX Font Info:    Checking defaults for U/cmr/m/n on input line 98.
LaTeX Font Info:    ... okay on input line 98.
LaTeX Font Info:    Checking defaults for PD1/pdf/m/n on input line 98.
LaTeX Font Info:    ... okay on input line 98.
LaTeX Font Info:    Checking defaults for PU/pdf/m/n on input line 98.
LaTeX Font Info:    ... okay on input line 98.
(c:/Users/cbau/AppData/Roaming/TinyTeX/texmf-dist/tex/latex/epstopdf-pkg/epstopdf-base.sty
Package: epstopdf-base 2020-01-24 v2.11 Base part for package epstopdf
Package epstopdf-base Info: Redefining graphics rule for `.eps' on input line 485.
(c:/Users/cbau/AppData/Roaming/TinyTeX/texmf-dist/tex/latex/latexconfig/epstopdf-sys.cfg
File: epstopdf-sys.cfg 2010/07/13 v1.3 Configuration of (r)epstopdf for TeX Live
))
*geometry* driver: auto-detecting
*geometry* detected driver: pdftex
*geometry* verbose mode - [ preamble ] result:
* driver: pdftex
* paper: <default>
* layout: <same size as paper>
* layoutoffset:(h,v)=(0.0pt,0.0pt)
* modes: 
* h-part:(L,W,R)=(72.26999pt, 469.75502pt, 72.26999pt)
* v-part:(T,H,B)=(72.26999pt, 650.43001pt, 72.26999pt)
* \paperwidth=614.295pt
* \paperheight=794.96999pt
* \textwidth=469.75502pt
* \textheight=650.43001pt
* \oddsidemargin=0.0pt
* \evensidemargin=0.0pt
* \topmargin=-37.0pt
* \headheight=12.0pt
* \headsep=25.0pt
* \topskip=10.0pt
* \footskip=30.0pt
* \marginparwidth=65.0pt
* \marginparsep=11.0pt
* \columnsep=10.0pt
* \skip\footins=9.0pt plus 4.0pt minus 2.0pt
* \hoffset=0.0pt
* \voffset=0.0pt
* \mag=1000
* \@twocolumnfalse
* \@twosidefalse
* \@mparswitchfalse
* \@reversemarginfalse
* (1in=72.27pt=25.4mm, 1cm=28.453pt)

Package hyperref Info: Link coloring OFF on input line 98.
LaTeX Font Info:    Trying to load font information for OT1+lmr on input line 100.
(c:/Users/cbau/AppData/Roaming/TinyTeX/texmf-dist/tex/latex/lm/ot1lmr.fd
File: ot1lmr.fd 2015/05/01 v1.6.1 Font defs for Latin Modern
)
LaTeX Font Info:    Trying to load font information for OML+lmm on input line 100.
(c:/Users/cbau/AppData/Roaming/TinyTeX/texmf-dist/tex/latex/lm/omllmm.fd
File: omllmm.fd 2015/05/01 v1.6.1 Font defs for Latin Modern
)
LaTeX Font Info:    Trying to load font information for OMS+lmsy on input line 100.
(c:/Users/cbau/AppData/Roaming/TinyTeX/texmf-dist/tex/latex/lm/omslmsy.fd
File: omslmsy.fd 2015/05/01 v1.6.1 Font defs for Latin Modern
)
LaTeX Font Info:    Trying to load font information for OMX+lmex on input line 100.
(c:/Users/cbau/AppData/Roaming/TinyTeX/texmf-dist/tex/latex/lm/omxlmex.fd
File: omxlmex.fd 2015/05/01 v1.6.1 Font defs for Latin Modern
)
LaTeX Font Info:    External font `lmex10' loaded for size
(Font)              <12> on input line 100.
LaTeX Font Info:    External font `lmex10' loaded for size
(Font)              <8> on input line 100.
LaTeX Font Info:    External font `lmex10' loaded for size
(Font)              <6> on input line 100.
LaTeX Font Info:    Trying to load font information for U+msa on input line 100.
(c:/Users/cbau/AppData/Roaming/TinyTeX/texmf-dist/tex/latex/amsfonts/umsa.fd
File: umsa.fd 2013/01/14 v3.01 AMS symbols A
)
LaTeX Font Info:    Trying to load font information for U+msb on input line 100.
(c:/Users/cbau/AppData/Roaming/TinyTeX/texmf-dist/tex/latex/amsfonts/umsb.fd
File: umsb.fd 2013/01/14 v3.01 AMS symbols B
) (./rapport.toc
LaTeX Font Info:    External font `lmex10' loaded for size
(Font)              <10> on input line 4.
LaTeX Font Info:    External font `lmex10' loaded for size
(Font)              <7> on input line 4.
LaTeX Font Info:    External font `lmex10' loaded for size
(Font)              <5> on input line 4.
)
\tf@toc=\write3
\openout3 = `rapport.toc'.

[1

{c:/Users/cbau/AppData/Roaming/TinyTeX/texmf-var/fonts/map/pdftex/updmap/pdftex.map}{c:/Users/cbau/AppData/Roaming/TinyTeX/texmf-dist/fonts/enc/dvips/lm/lm-ec.enc}]
LaTeX Font Info:    Trying to load font information for TS1+lmr on input line 139.
(c:/Users/cbau/AppData/Roaming/TinyTeX/texmf-dist/tex/latex/lm/ts1lmr.fd
File: ts1lmr.fd 2015/05/01 v1.6.1 Font defs for Latin Modern
) [2{c:/Users/cbau/AppData/Roaming/TinyTeX/texmf-dist/fonts/enc/dvips/lm/lm-ts1.enc}] [3]
<GraphicalAbstract.png, id=64, 963.6pt x 542.025pt>
File: GraphicalAbstract.png Graphic file (type png)
<use GraphicalAbstract.png>
Package pdftex.def Info: GraphicalAbstract.png  used on input line 331.
(pdftex.def)             Requested size: 469.75679pt x 264.23819pt.
[4{c:/Users/cbau/AppData/Roaming/TinyTeX/texmf-dist/fonts/enc/dvips/lm/lm-mathit.enc}{c:/Users/cbau/AppData/Roaming/TinyTeX/texmf-dist/fonts/enc/dvips/lm/lm-rm.enc}] [5 <./GraphicalAbstract.png>] [6{c:/Users/cbau/AppData/Roaming/TinyTeX/texmf-dist/fonts/enc/dvips/lm/lm-mathsy.enc}{c:/Users/cbau/AppData/Roaming/TinyTeX/texmf-dist/fonts/enc/dvips/lm/lm-mathex.enc}] [7]
<effetsTotaux.png, id=107, 310.15875pt x 262.48062pt>
File: effetsTotaux.png Graphic file (type png)
<use effetsTotaux.png>
Package pdftex.def Info: effetsTotaux.png  used on input line 578.
(pdftex.def)             Requested size: 310.15799pt x 262.47998pt.
[8 <./effetsTotaux.PNG>] [9] [10]
<3sousModeles.png, id=134, 399.4925pt x 205.76875pt>
File: 3sousModeles.png Graphic file (type png)
<use 3sousModeles.png>
Package pdftex.def Info: 3sousModeles.png  used on input line 778.
(pdftex.def)             Requested size: 399.49152pt x 205.76823pt.
<processusPopModele.png, id=135, 586.19pt x 187.70125pt>
File: processusPopModele.png Graphic file (type png)
<use processusPopModele.png>
Package pdftex.def Info: processusPopModele.png  used on input line 795.
(pdftex.def)             Requested size: 469.7487pt x 150.4161pt.
[11] [12 <./3sousModeles.PNG> <./processusPopModele.PNG>] [13]
<tabParam.png, id=158, 421.07312pt x 47.17625pt>
File: tabParam.png Graphic file (type png)
<use tabParam.png>
Package pdftex.def Info: tabParam.png  used on input line 931.
(pdftex.def)             Requested size: 421.0721pt x 47.17612pt.
<rapport_files/figure-latex/acx-1.pdf, id=159, 469.755pt x 325.215pt>
File: rapport_files/figure-latex/acx-1.pdf Graphic file (type pdf)
<use rapport_files/figure-latex/acx-1.pdf>
Package pdftex.def Info: rapport_files/figure-latex/acx-1.pdf  used on input line 954.
(pdftex.def)             Requested size: 469.75386pt x 325.2142pt.
[14 <./tabParam.PNG>]
<exDonnees.png, id=170, 428.09938pt x 337.76187pt>
File: exDonnees.png Graphic file (type png)
<use exDonnees.png>
Package pdftex.def Info: exDonnees.png  used on input line 973.
(pdftex.def)             Requested size: 428.09833pt x 337.76105pt.
[15 <./rapport_files/figure-latex/acx-1.pdf>] [16 <./exDonnees.PNG>]
<rapport_files/figure-latex/ref-1.pdf, id=187, 469.755pt x 325.215pt>
File: rapport_files/figure-latex/ref-1.pdf Graphic file (type pdf)
<use rapport_files/figure-latex/ref-1.pdf>
Package pdftex.def Info: rapport_files/figure-latex/ref-1.pdf  used on input line 1003.
(pdftex.def)             Requested size: 469.75386pt x 325.2142pt.
<rapport_files/figure-latex/refbf-1.pdf, id=188, 469.755pt x 325.215pt>
File: rapport_files/figure-latex/refbf-1.pdf Graphic file (type pdf)
<use rapport_files/figure-latex/refbf-1.pdf>
Package pdftex.def Info: rapport_files/figure-latex/refbf-1.pdf  used on input line 1013.
(pdftex.def)             Requested size: 469.75386pt x 325.2142pt.
[17 <./rapport_files/figure-latex/ref-1.pdf>]
<rapport_files/figure-latex/refc-1.pdf, id=206, 469.755pt x 325.215pt>
File: rapport_files/figure-latex/refc-1.pdf Graphic file (type pdf)
<use rapport_files/figure-latex/refc-1.pdf>
Package pdftex.def Info: rapport_files/figure-latex/refc-1.pdf  used on input line 1025.
(pdftex.def)             Requested size: 469.75386pt x 325.2142pt.
[18 <./rapport_files/figure-latex/refbf-1.pdf>]
<rapport_files/figure-latex/aocv-1.pdf, id=218, 469.755pt x 325.215pt>
File: rapport_files/figure-latex/aocv-1.pdf Graphic file (type pdf)
<use rapport_files/figure-latex/aocv-1.pdf>
Package pdftex.def Info: rapport_files/figure-latex/aocv-1.pdf  used on input line 1044.
(pdftex.def)             Requested size: 469.75386pt x 325.2142pt.
[19 <./rapport_files/figure-latex/refc-1.pdf>]
<rapport_files/figure-latex/ccxc-1.pdf, id=235, 469.755pt x 325.215pt>
File: rapport_files/figure-latex/ccxc-1.pdf Graphic file (type pdf)
<use rapport_files/figure-latex/ccxc-1.pdf>
Package pdftex.def Info: rapport_files/figure-latex/ccxc-1.pdf  used on input line 1055.
(pdftex.def)             Requested size: 469.75386pt x 325.2142pt.
[20 <./rapport_files/figure-latex/aocv-1.pdf>]
<rapport_files/figure-latex/azsss-1.pdf, id=247, 469.755pt x 325.215pt>
File: rapport_files/figure-latex/azsss-1.pdf Graphic file (type pdf)
<use rapport_files/figure-latex/azsss-1.pdf>
Package pdftex.def Info: rapport_files/figure-latex/azsss-1.pdf  used on input line 1063.
(pdftex.def)             Requested size: 469.75386pt x 325.2142pt.
[21 <./rapport_files/figure-latex/ccxc-1.pdf>]
<rapport_files/figure-latex/aos-1.pdf, id=259, 469.755pt x 325.215pt>
File: rapport_files/figure-latex/aos-1.pdf Graphic file (type pdf)
<use rapport_files/figure-latex/aos-1.pdf>
Package pdftex.def Info: rapport_files/figure-latex/aos-1.pdf  used on input line 1078.
(pdftex.def)             Requested size: 469.75386pt x 325.2142pt.
[22 <./rapport_files/figure-latex/azsss-1.pdf>]
<rapport_files/figure-latex/ccs-1.pdf, id=273, 469.755pt x 325.215pt>
File: rapport_files/figure-latex/ccs-1.pdf Graphic file (type pdf)
<use rapport_files/figure-latex/ccs-1.pdf>
Package pdftex.def Info: rapport_files/figure-latex/ccs-1.pdf  used on input line 1087.
(pdftex.def)             Requested size: 469.75386pt x 325.2142pt.
[23 <./rapport_files/figure-latex/aos-1.pdf>]
<rapport_files/figure-latex/azs-1.pdf, id=286, 469.755pt x 325.215pt>
File: rapport_files/figure-latex/azs-1.pdf Graphic file (type pdf)
<use rapport_files/figure-latex/azs-1.pdf>
Package pdftex.def Info: rapport_files/figure-latex/azs-1.pdf  used on input line 1096.
(pdftex.def)             Requested size: 469.75386pt x 325.2142pt.
[24 <./rapport_files/figure-latex/ccs-1.pdf>]
<rapport_files/figure-latex/aps-1.pdf, id=298, 469.755pt x 325.215pt>
File: rapport_files/figure-latex/aps-1.pdf Graphic file (type pdf)
<use rapport_files/figure-latex/aps-1.pdf>
Package pdftex.def Info: rapport_files/figure-latex/aps-1.pdf  used on input line 1109.
(pdftex.def)             Requested size: 469.75386pt x 325.2142pt.
[25 <./rapport_files/figure-latex/azs-1.pdf>]
<rapport_files/figure-latex/cp-1.pdf, id=313, 469.755pt x 325.215pt>
File: rapport_files/figure-latex/cp-1.pdf Graphic file (type pdf)
<use rapport_files/figure-latex/cp-1.pdf>
Package pdftex.def Info: rapport_files/figure-latex/cp-1.pdf  used on input line 1116.
(pdftex.def)             Requested size: 469.75386pt x 325.2142pt.
[26 <./rapport_files/figure-latex/aps-1.pdf>]
<rapport_files/figure-latex/aq-1.pdf, id=325, 469.755pt x 325.215pt>
File: rapport_files/figure-latex/aq-1.pdf Graphic file (type pdf)
<use rapport_files/figure-latex/aq-1.pdf>
Package pdftex.def Info: rapport_files/figure-latex/aq-1.pdf  used on input line 1126.
(pdftex.def)             Requested size: 469.75386pt x 325.2142pt.
[27 <./rapport_files/figure-latex/cp-1.pdf>]
<rapport_files/figure-latex/ag-1.pdf, id=337, 469.755pt x 325.215pt>
File: rapport_files/figure-latex/ag-1.pdf Graphic file (type pdf)
<use rapport_files/figure-latex/ag-1.pdf>
Package pdftex.def Info: rapport_files/figure-latex/ag-1.pdf  used on input line 1140.
(pdftex.def)             Requested size: 469.75386pt x 325.2142pt.
[28 <./rapport_files/figure-latex/aq-1.pdf>]
<rapport_files/figure-latex/cm-1.pdf, id=351, 469.755pt x 325.215pt>
File: rapport_files/figure-latex/cm-1.pdf Graphic file (type pdf)
<use rapport_files/figure-latex/cm-1.pdf>
Package pdftex.def Info: rapport_files/figure-latex/cm-1.pdf  used on input line 1148.
(pdftex.def)             Requested size: 469.75386pt x 325.2142pt.
[29 <./rapport_files/figure-latex/ag-1.pdf>]
<rapport_files/figure-latex/aj-1.pdf, id=363, 469.755pt x 325.215pt>
File: rapport_files/figure-latex/aj-1.pdf Graphic file (type pdf)
<use rapport_files/figure-latex/aj-1.pdf>
Package pdftex.def Info: rapport_files/figure-latex/aj-1.pdf  used on input line 1156.
(pdftex.def)             Requested size: 469.75386pt x 325.2142pt.
[30 <./rapport_files/figure-latex/cm-1.pdf>]
<rapport_files/figure-latex/aocbv-1.pdf, id=375, 469.755pt x 325.215pt>
File: rapport_files/figure-latex/aocbv-1.pdf Graphic file (type pdf)
<use rapport_files/figure-latex/aocbv-1.pdf>
Package pdftex.def Info: rapport_files/figure-latex/aocbv-1.pdf  used on input line 1174.
(pdftex.def)             Requested size: 469.75386pt x 325.2142pt.
[31 <./rapport_files/figure-latex/aj-1.pdf>]
<rapport_files/figure-latex/ccxbc-1.pdf, id=390, 469.755pt x 325.215pt>
File: rapport_files/figure-latex/ccxbc-1.pdf Graphic file (type pdf)
<use rapport_files/figure-latex/ccxbc-1.pdf>
Package pdftex.def Info: rapport_files/figure-latex/ccxbc-1.pdf  used on input line 1183.
(pdftex.def)             Requested size: 469.75386pt x 325.2142pt.
[32 <./rapport_files/figure-latex/aocbv-1.pdf>]
<rapport_files/figure-latex/abzsss-1.pdf, id=402, 469.755pt x 325.215pt>
File: rapport_files/figure-latex/abzsss-1.pdf Graphic file (type pdf)
<use rapport_files/figure-latex/abzsss-1.pdf>
Package pdftex.def Info: rapport_files/figure-latex/abzsss-1.pdf  used on input line 1192.
(pdftex.def)             Requested size: 469.75386pt x 325.2142pt.
[33 <./rapport_files/figure-latex/ccxbc-1.pdf>]
<rapport_files/figure-latex/aus-1.pdf, id=414, 469.755pt x 325.215pt>
File: rapport_files/figure-latex/aus-1.pdf Graphic file (type pdf)
<use rapport_files/figure-latex/aus-1.pdf>
Package pdftex.def Info: rapport_files/figure-latex/aus-1.pdf  used on input line 1207.
(pdftex.def)             Requested size: 469.75386pt x 325.2142pt.
[34 <./rapport_files/figure-latex/abzsss-1.pdf>]
<rapport_files/figure-latex/auxs-1.pdf, id=429, 469.755pt x 325.215pt>
File: rapport_files/figure-latex/auxs-1.pdf Graphic file (type pdf)
<use rapport_files/figure-latex/auxs-1.pdf>
Package pdftex.def Info: rapport_files/figure-latex/auxs-1.pdf  used on input line 1215.
(pdftex.def)             Requested size: 469.75386pt x 325.2142pt.
[35 <./rapport_files/figure-latex/aus-1.pdf>]
<rapport_files/figure-latex/auxxs-1.pdf, id=442, 469.755pt x 325.215pt>
File: rapport_files/figure-latex/auxxs-1.pdf Graphic file (type pdf)
<use rapport_files/figure-latex/auxxs-1.pdf>
Package pdftex.def Info: rapport_files/figure-latex/auxxs-1.pdf  used on input line 1225.
(pdftex.def)             Requested size: 469.75386pt x 325.2142pt.
[36 <./rapport_files/figure-latex/auxs-1.pdf>]
<rapport_files/figure-latex/maptao-1.pdf, id=455, 361.35pt x 289.08pt>
File: rapport_files/figure-latex/maptao-1.pdf Graphic file (type pdf)
<use rapport_files/figure-latex/maptao-1.pdf>
Package pdftex.def Info: rapport_files/figure-latex/maptao-1.pdf  used on input line 1252.
(pdftex.def)             Requested size: 361.34912pt x 289.07928pt.
[37 <./rapport_files/figure-latex/auxxs-1.pdf>]
<rapport_files/figure-latex/mapeao-1.pdf, id=472, 469.755pt x 325.215pt>
File: rapport_files/figure-latex/mapeao-1.pdf Graphic file (type pdf)
<use rapport_files/figure-latex/mapeao-1.pdf>
Package pdftex.def Info: rapport_files/figure-latex/mapeao-1.pdf  used on input line 1264.
(pdftex.def)             Requested size: 469.75386pt x 325.2142pt.
[38 <./rapport_files/figure-latex/maptao-1.pdf>]
<rapport_files/figure-latex/aoao-1.pdf, id=484, 469.755pt x 325.215pt>
File: rapport_files/figure-latex/aoao-1.pdf Graphic file (type pdf)
<use rapport_files/figure-latex/aoao-1.pdf>
Package pdftex.def Info: rapport_files/figure-latex/aoao-1.pdf  used on input line 1277.
(pdftex.def)             Requested size: 469.75386pt x 325.2142pt.
[39 <./rapport_files/figure-latex/mapeao-1.pdf>] [40 <./rapport_files/figure-latex/aoao-1.pdf>]
<rapport_files/figure-latex/pfrtygs-1.pdf, id=509, 469.755pt x 325.215pt>
File: rapport_files/figure-latex/pfrtygs-1.pdf Graphic file (type pdf)
<use rapport_files/figure-latex/pfrtygs-1.pdf>
Package pdftex.def Info: rapport_files/figure-latex/pfrtygs-1.pdf  used on input line 1330.
(pdftex.def)             Requested size: 469.75386pt x 325.2142pt.
<rapport_files/figure-latex/prtygsrd-1.pdf, id=510, 469.755pt x 325.215pt>
File: rapport_files/figure-latex/prtygsrd-1.pdf Graphic file (type pdf)
<use rapport_files/figure-latex/prtygsrd-1.pdf>
Package pdftex.def Info: rapport_files/figure-latex/prtygsrd-1.pdf  used on input line 1338.
(pdftex.def)             Requested size: 469.75386pt x 325.2142pt.
[41 <./rapport_files/figure-latex/pfrtygs-1.pdf>]
<rapport_files/figure-latex/prtygessf-1.pdf, id=524, 469.755pt x 325.215pt>
File: rapport_files/figure-latex/prtygessf-1.pdf Graphic file (type pdf)
<use rapport_files/figure-latex/prtygessf-1.pdf>
Package pdftex.def Info: rapport_files/figure-latex/prtygessf-1.pdf  used on input line 1346.
(pdftex.def)             Requested size: 469.75386pt x 325.2142pt.
[42 <./rapport_files/figure-latex/prtygsrd-1.pdf>]
<rapport_files/figure-latex/vhe-1.pdf, id=536, 469.755pt x 325.215pt>
File: rapport_files/figure-latex/vhe-1.pdf Graphic file (type pdf)
<use rapport_files/figure-latex/vhe-1.pdf>
Package pdftex.def Info: rapport_files/figure-latex/vhe-1.pdf  used on input line 1354.
(pdftex.def)             Requested size: 469.75386pt x 325.2142pt.
[43 <./rapport_files/figure-latex/prtygessf-1.pdf>]
<rapport_files/figure-latex/prteygs-1.pdf, id=549, 469.755pt x 325.215pt>
File: rapport_files/figure-latex/prteygs-1.pdf Graphic file (type pdf)
<use rapport_files/figure-latex/prteygs-1.pdf>
Package pdftex.def Info: rapport_files/figure-latex/prteygs-1.pdf  used on input line 1376.
(pdftex.def)             Requested size: 469.75386pt x 325.2142pt.
[44 <./rapport_files/figure-latex/vhe-1.pdf>]
<rapport_files/figure-latex/pertygsd-1.pdf, id=564, 469.755pt x 325.215pt>
File: rapport_files/figure-latex/pertygsd-1.pdf Graphic file (type pdf)
<use rapport_files/figure-latex/pertygsd-1.pdf>
Package pdftex.def Info: rapport_files/figure-latex/pertygsd-1.pdf  used on input line 1385.
(pdftex.def)             Requested size: 469.75386pt x 325.2142pt.
[45 <./rapport_files/figure-latex/prteygs-1.pdf>]
<rapport_files/figure-latex/eprtygssf-1.pdf, id=576, 469.755pt x 325.215pt>
File: rapport_files/figure-latex/eprtygssf-1.pdf Graphic file (type pdf)
<use rapport_files/figure-latex/eprtygssf-1.pdf>
Package pdftex.def Info: rapport_files/figure-latex/eprtygssf-1.pdf  used on input line 1394.
(pdftex.def)             Requested size: 469.75386pt x 325.2142pt.
[46 <./rapport_files/figure-latex/pertygsd-1.pdf>]
<rapport_files/figure-latex/zvh-1.pdf, id=588, 469.755pt x 325.215pt>
File: rapport_files/figure-latex/zvh-1.pdf Graphic file (type pdf)
<use rapport_files/figure-latex/zvh-1.pdf>
Package pdftex.def Info: rapport_files/figure-latex/zvh-1.pdf  used on input line 1403.
(pdftex.def)             Requested size: 469.75386pt x 325.2142pt.
[47 <./rapport_files/figure-latex/eprtygssf-1.pdf>]
<rapport_files/figure-latex/prtyzgs-1.pdf, id=600, 469.755pt x 325.215pt>
File: rapport_files/figure-latex/prtyzgs-1.pdf Graphic file (type pdf)
<use rapport_files/figure-latex/prtyzgs-1.pdf>
Package pdftex.def Info: rapport_files/figure-latex/prtyzgs-1.pdf  used on input line 1428.
(pdftex.def)             Requested size: 469.75386pt x 325.2142pt.
[48 <./rapport_files/figure-latex/zvh-1.pdf>]
<rapport_files/figure-latex/prtzygs-1.pdf, id=614, 469.755pt x 325.215pt>
File: rapport_files/figure-latex/prtzygs-1.pdf Graphic file (type pdf)
<use rapport_files/figure-latex/prtzygs-1.pdf>
Package pdftex.def Info: rapport_files/figure-latex/prtzygs-1.pdf  used on input line 1438.
(pdftex.def)             Requested size: 469.75386pt x 325.2142pt.
[49 <./rapport_files/figure-latex/prtyzgs-1.pdf>]
<rapport_files/figure-latex/pzrtygs-1.pdf, id=627, 469.755pt x 325.215pt>
File: rapport_files/figure-latex/pzrtygs-1.pdf Graphic file (type pdf)
<use rapport_files/figure-latex/pzrtygs-1.pdf>
Package pdftex.def Info: rapport_files/figure-latex/pzrtygs-1.pdf  used on input line 1448.
(pdftex.def)             Requested size: 469.75386pt x 325.2142pt.
[50 <./rapport_files/figure-latex/prtzygs-1.pdf>]
<rapport_files/figure-latex/zprtygs-1.pdf, id=639, 469.755pt x 325.215pt>
File: rapport_files/figure-latex/zprtygs-1.pdf Graphic file (type pdf)
<use rapport_files/figure-latex/zprtygs-1.pdf>
Package pdftex.def Info: rapport_files/figure-latex/zprtygs-1.pdf  used on input line 1458.
(pdftex.def)             Requested size: 469.75386pt x 325.2142pt.
[51 <./rapport_files/figure-latex/pzrtygs-1.pdf>]
<rapport_files/figure-latex/prztygsbte-1.pdf, id=651, 469.755pt x 325.215pt>
File: rapport_files/figure-latex/prztygsbte-1.pdf Graphic file (type pdf)
<use rapport_files/figure-latex/prztygsbte-1.pdf>
Package pdftex.def Info: rapport_files/figure-latex/prztygsbte-1.pdf  used on input line 1481.
(pdftex.def)             Requested size: 469.75386pt x 325.2142pt.
[52 <./rapport_files/figure-latex/zprtygs-1.pdf>]
<rapport_files/figure-latex/pzrtygsbte-1.pdf, id=667, 469.755pt x 325.215pt>
File: rapport_files/figure-latex/pzrtygsbte-1.pdf Graphic file (type pdf)
<use rapport_files/figure-latex/pzrtygsbte-1.pdf>
Package pdftex.def Info: rapport_files/figure-latex/pzrtygsbte-1.pdf  used on input line 1491.
(pdftex.def)             Requested size: 469.75386pt x 325.2142pt.
[53 <./rapport_files/figure-latex/prztygsbte-1.pdf>]
<rapport_files/figure-latex/zprtygsbte-1.pdf, id=679, 469.755pt x 325.215pt>
File: rapport_files/figure-latex/zprtygsbte-1.pdf Graphic file (type pdf)
<use rapport_files/figure-latex/zprtygsbte-1.pdf>
Package pdftex.def Info: rapport_files/figure-latex/zprtygsbte-1.pdf  used on input line 1501.
(pdftex.def)             Requested size: 469.75386pt x 325.2142pt.
[54 <./rapport_files/figure-latex/pzrtygsbte-1.pdf>]
<rapport_files/figure-latex/prtygsbtea-1.pdf, id=692, 469.755pt x 325.215pt>
File: rapport_files/figure-latex/prtygsbtea-1.pdf Graphic file (type pdf)
<use rapport_files/figure-latex/prtygsbtea-1.pdf>
Package pdftex.def Info: rapport_files/figure-latex/prtygsbtea-1.pdf  used on input line 1511.
(pdftex.def)             Requested size: 469.75386pt x 325.2142pt.
[55 <./rapport_files/figure-latex/zprtygsbte-1.pdf>]
<rapport_files/figure-latex/prtygsbtae-1.pdf, id=705, 469.755pt x 325.215pt>
File: rapport_files/figure-latex/prtygsbtae-1.pdf Graphic file (type pdf)
<use rapport_files/figure-latex/prtygsbtae-1.pdf>
Package pdftex.def Info: rapport_files/figure-latex/prtygsbtae-1.pdf  used on input line 1524.
(pdftex.def)             Requested size: 469.75386pt x 325.2142pt.
[56 <./rapport_files/figure-latex/prtygsbtea-1.pdf>]
<rapport_files/figure-latex/prtygsbate-1.pdf, id=719, 469.755pt x 325.215pt>
File: rapport_files/figure-latex/prtygsbate-1.pdf Graphic file (type pdf)
<use rapport_files/figure-latex/prtygsbate-1.pdf>
Package pdftex.def Info: rapport_files/figure-latex/prtygsbate-1.pdf  used on input line 1534.
(pdftex.def)             Requested size: 469.75386pt x 325.2142pt.
[57 <./rapport_files/figure-latex/prtygsbtae-1.pdf>]
<rapport_files/figure-latex/prtygsabte-1.pdf, id=731, 469.755pt x 325.215pt>
File: rapport_files/figure-latex/prtygsabte-1.pdf Graphic file (type pdf)
<use rapport_files/figure-latex/prtygsabte-1.pdf>
Package pdftex.def Info: rapport_files/figure-latex/prtygsabte-1.pdf  used on input line 1544.
(pdftex.def)             Requested size: 469.75386pt x 325.2142pt.
[58 <./rapport_files/figure-latex/prtygsbate-1.pdf>]
<rapport_files/figure-latex/prtygasbte-1.pdf, id=743, 469.755pt x 325.215pt>
File: rapport_files/figure-latex/prtygasbte-1.pdf Graphic file (type pdf)
<use rapport_files/figure-latex/prtygasbte-1.pdf>
Package pdftex.def Info: rapport_files/figure-latex/prtygasbte-1.pdf  used on input line 1554.
(pdftex.def)             Requested size: 469.75386pt x 325.2142pt.
[59 <./rapport_files/figure-latex/prtygsabte-1.pdf>]
<rapport_files/figure-latex/prtyagsbte-1.pdf, id=755, 469.755pt x 325.215pt>
File: rapport_files/figure-latex/prtyagsbte-1.pdf Graphic file (type pdf)
<use rapport_files/figure-latex/prtyagsbte-1.pdf>
Package pdftex.def Info: rapport_files/figure-latex/prtyagsbte-1.pdf  used on input line 1568.
(pdftex.def)             Requested size: 469.75386pt x 325.2142pt.
[60 <./rapport_files/figure-latex/prtygasbte-1.pdf>]
<rapport_files/figure-latex/prtaygsbte-1.pdf, id=769, 469.755pt x 325.215pt>
File: rapport_files/figure-latex/prtaygsbte-1.pdf Graphic file (type pdf)
<use rapport_files/figure-latex/prtaygsbte-1.pdf>
Package pdftex.def Info: rapport_files/figure-latex/prtaygsbte-1.pdf  used on input line 1578.
(pdftex.def)             Requested size: 469.75386pt x 325.2142pt.
[61 <./rapport_files/figure-latex/prtyagsbte-1.pdf>]
<rapport_files/figure-latex/partygsbte-1.pdf, id=782, 469.755pt x 325.215pt>
File: rapport_files/figure-latex/partygsbte-1.pdf Graphic file (type pdf)
<use rapport_files/figure-latex/partygsbte-1.pdf>
Package pdftex.def Info: rapport_files/figure-latex/partygsbte-1.pdf  used on input line 1588.
(pdftex.def)             Requested size: 469.75386pt x 325.2142pt.
[62 <./rapport_files/figure-latex/prtaygsbte-1.pdf>]
<rapport_files/figure-latex/aprtygsbte-1.pdf, id=794, 469.755pt x 325.215pt>
File: rapport_files/figure-latex/aprtygsbte-1.pdf Graphic file (type pdf)
<use rapport_files/figure-latex/aprtygsbte-1.pdf>
Package pdftex.def Info: rapport_files/figure-latex/aprtygsbte-1.pdf  used on input line 1597.
(pdftex.def)             Requested size: 469.75386pt x 325.2142pt.
[63 <./rapport_files/figure-latex/partygsbte-1.pdf>] [64 <./rapport_files/figure-latex/aprtygsbte-1.pdf>] [65] [66] [67]

Package amsmath Warning: Foreign command \atopwithdelims;
(amsmath)                \frac or \genfrac should be used instead
(amsmath)                 on input line 1900.

[68]
Underfull \hbox (badness 1681) in paragraph at lines 1960--1964
[]\T1/lmr/m/n/10 milieumarinfrance. 2008. ``Di-rec-tive Cadre Stratégie Pour Le Mi-lieu Marin (DC-SMM).'' 2008.
 []


Underfull \hbox (badness 10000) in paragraph at lines 1960--1964
[]$\T1/lmr/m/n/10 https : / / www . milieumarinfrance . fr / Nos -[] rubriques / Cadre -[] reglementaire / Directive -[] Cadre -[] strategie -[]
 []


Underfull \hbox (badness 1675) in paragraph at lines 1965--1969
[]\T1/lmr/m/n/10 ---------. 2014. ``Directive-Cadre Pour La Plan-i-fi-ca-tion de l'espace Mar-itime (DCPEM).'' 2014.
 []


Underfull \hbox (badness 10000) in paragraph at lines 1965--1969
[]$\T1/lmr/m/n/10 https : / / www . milieumarinfrance . fr / Nos -[] rubriques / Cadre -[] reglementaire / Directive -[] Cadre -[] pour -[] la -[]
 []

[69] (./rapport.aux)
 ***********
LaTeX2e <2023-11-01> patch level 1
L3 programming layer <2024-03-14>
 ***********
 ) 
Here is how much of TeX's memory you used:
 11824 strings out of 476063
 196413 string characters out of 5791200
 1940496 words of memory out of 5000000
 33466 multiletter control sequences out of 15000+600000
 614718 words of font info for 79 fonts, out of 8000000 for 9000
 14 hyphenation exceptions out of 8191
 89i,8n,93p,831b,494s stack positions out of 10000i,1000n,20000p,200000b,200000s
<c:/Users/cbau/AppData/Roaming/TinyTeX/texmf-dist/fonts/type1/public/lm/lmbx10.pfb><c:/Users/cbau/AppData/Roaming/TinyTeX/texmf-dist/fonts/type1/public/lm/lmbx12.pfb><c:/Users/cbau/AppData/Roaming/TinyTeX/texmf-dist/fonts/type1/public/lm/lmex10.pfb><c:/Users/cbau/AppData/Roaming/TinyTeX/texmf-dist/fonts/type1/public/lm/lmmi10.pfb><c:/Users/cbau/AppData/Roaming/TinyTeX/texmf-dist/fonts/type1/public/lm/lmmi5.pfb><c:/Users/cbau/AppData/Roaming/TinyTeX/texmf-dist/fonts/type1/public/lm/lmmi7.pfb><c:/Users/cbau/AppData/Roaming/TinyTeX/texmf-dist/fonts/type1/public/lm/lmr10.pfb><c:/Users/cbau/AppData/Roaming/TinyTeX/texmf-dist/fonts/type1/public/lm/lmr12.pfb><c:/Users/cbau/AppData/Roaming/TinyTeX/texmf-dist/fonts/type1/public/lm/lmr17.pfb><c:/Users/cbau/AppData/Roaming/TinyTeX/texmf-dist/fonts/type1/public/lm/lmr5.pfb><c:/Users/cbau/AppData/Roaming/TinyTeX/texmf-dist/fonts/type1/public/lm/lmr7.pfb><c:/Users/cbau/AppData/Roaming/TinyTeX/texmf-dist/fonts/type1/public/lm/lmri10.pfb><c:/Users/cbau/AppData/Roaming/TinyTeX/texmf-dist/fonts/type1/public/lm/lmsy10.pfb><c:/Users/cbau/AppData/Roaming/TinyTeX/texmf-dist/fonts/type1/public/lm/lmsy5.pfb><c:/Users/cbau/AppData/Roaming/TinyTeX/texmf-dist/fonts/type1/public/lm/lmsy7.pfb><c:/Users/cbau/AppData/Roaming/TinyTeX/texmf-dist/fonts/type1/public/amsfonts/symbols/msbm10.pfb>
Output written on rapport.pdf (69 pages, 2624996 bytes).
PDF statistics:
 1089 PDF objects out of 1200 (max. 8388607)
 862 compressed objects within 9 object streams
 303 named destinations out of 1000 (max. 500000)
 428 words of extra memory for PDF output out of 10000 (max. 10000000)

